0 info it worked if it ends with ok
1 verbose cli [ 'node', '/usr/local/bin/npm', 'version', 'patch' ]
2 info using npm@2.10.0
3 info using node@v0.12.2
4 verbose node symlink /usr/local/bin/node
5 warn invalid config registry=""
6 warn invalid config Must be a full url with 'http://'
7 info git [ 'status', '--porcelain' ]
8 verbose stack Error: Git working directory not clean.
8 verbose stack M lib/index.js
8 verbose stack M lib/parse.js
8 verbose stack M src/index.js
8 verbose stack M src/parse.js
8 verbose stack     at /usr/local/lib/node_modules/npm/lib/version.js:138:37
8 verbose stack     at ChildProcess.exithandler (child_process.js:742:7)
8 verbose stack     at ChildProcess.emit (events.js:110:17)
8 verbose stack     at maybeClose (child_process.js:1015:16)
8 verbose stack     at Socket.<anonymous> (child_process.js:1183:11)
8 verbose stack     at Socket.emit (events.js:107:17)
8 verbose stack     at Pipe.close (net.js:485:12)
9 verbose cwd /Users/sunilpai/code/disto-hot-loader
10 error Darwin 14.3.0
11 error argv "node" "/usr/local/bin/npm" "version" "patch"
12 error node v0.12.2
13 error npm  v2.10.0
14 error Git working directory not clean.
14 error M lib/index.js
14 error M lib/parse.js
14 error M src/index.js
14 error M src/parse.js
15 error If you need help, you may report this error at:
15 error     <https://github.com/npm/npm/issues>
16 verbose exit [ 1, true ]
